<?xml version="1.0" encoding="UTF-8"?>
<testsuite xmlns:xsi="http://www.w3.org/2001/XMLSchema-instance" xsi:noNamespaceSchemaLocation="https://maven.apache.org/surefire/maven-surefire-plugin/xsd/surefire-test-report.xsd" version="3.0.2" name="com.codewithmosh.store.StoreApplicationTests" time="49.687" tests="1" errors="0" skipped="0" failures="0">
  <properties>
[...]
</properties>
  <testcase name="contextLoads" classname="com.codewithmosh.store.StoreApplicationTests" time="2.17">
    <system-out><![CDATA[21:32:56.266 [main] INFO org.springframework.test.context.support.AnnotationConfigContextLoaderUtils -- Could not detect default configuration classes for test class [com.codewithmosh.store.StoreApplicationTests]: StoreApplicationTests does not declare any static, non-private, non-final, nested classes annotated with @Configuration.
21:32:58.180 [main] INFO org.springframework.boot.test.context.SpringBootTestContextBootstrapper -- Found @SpringBootConfiguration com.codewithmosh.store.StoreApplication for test class com.codewithmosh.store.StoreApplicationTests

  .   ____          _            __ _ _
 /\\ / ___'_ __ _ _(_)_ __  __ _ \ \ \ \
( ( )\___ | '_ | '_| | '_ \/ _` | \ \ \ \
 \\/  ___)| |_)| | | | | || (_| |  ) ) ) )
  '  |____| .__|_| |_|_| |_\__, | / / / /
 =========|_|==============|___/=/_/_/_/

 :: Spring Boot ::                (v3.4.1)

2025-11-03T21:33:04.928+01:00  INFO 39053 --- [store] [           main] c.c.store.StoreApplicationTests          : Starting StoreApplicationTests using Java 21.0.8 with PID 39053 (started by yassine in /home/yassine/IdeaProjects/Spring-Boot-Doc-Rest-Api-dev-)
2025-11-03T21:33:04.947+01:00  INFO 39053 --- [store] [           main] c.c.store.StoreApplicationTests          : No active profile set, falling back to 1 default profile: "default"
2025-11-03T21:33:16.461+01:00  INFO 39053 --- [store] [           main] .s.d.r.c.RepositoryConfigurationDelegate : Bootstrapping Spring Data JPA repositories in DEFAULT mode.
2025-11-03T21:33:17.214+01:00  INFO 39053 --- [store] [           main] .s.d.r.c.RepositoryConfigurationDelegate : Finished Spring Data repository scanning in 671 ms. Found 7 JPA repository interfaces.
2025-11-03T21:33:23.370+01:00  INFO 39053 --- [store] [           main] com.zaxxer.hikari.HikariDataSource       : HikariPool-1 - Starting...
2025-11-03T21:33:24.707+01:00  INFO 39053 --- [store] [           main] com.zaxxer.hikari.pool.HikariPool        : HikariPool-1 - Added connection com.mysql.cj.jdbc.ConnectionImpl@762405bf
2025-11-03T21:33:24.720+01:00  INFO 39053 --- [store] [           main] com.zaxxer.hikari.HikariDataSource       : HikariPool-1 - Start completed.
2025-11-03T21:33:25.138+01:00  INFO 39053 --- [store] [           main] org.flywaydb.core.FlywayExecutor         : Database: jdbc:mysql://localhost:3306/store_api?createDatabaseIfNotExist=true&useSSL=false&serverTimezone=UTC&allowPublicKeyRetrieval=true (MySQL 8.0)
2025-11-03T21:33:25.594+01:00  INFO 39053 --- [store] [           main] o.f.core.internal.command.DbValidate     : Successfully validated 6 migrations (execution time 00:00.323s)
2025-11-03T21:33:25.698+01:00  INFO 39053 --- [store] [           main] o.f.core.internal.command.DbMigrate      : Current version of schema `store_api`: 6
2025-11-03T21:33:25.731+01:00  INFO 39053 --- [store] [           main] o.f.core.internal.command.DbMigrate      : Schema `store_api` is up to date. No migration necessary.
2025-11-03T21:33:26.662+01:00  INFO 39053 --- [store] [           main] o.hibernate.jpa.internal.util.LogHelper  : HHH000204: Processing PersistenceUnitInfo [name: default]
2025-11-03T21:33:27.043+01:00  INFO 39053 --- [store] [           main] org.hibernate.Version                    : HHH000412: Hibernate ORM core version 6.6.4.Final
2025-11-03T21:33:27.319+01:00  INFO 39053 --- [store] [           main] o.h.c.internal.RegionFactoryInitiator    : HHH000026: Second-level cache disabled
2025-11-03T21:33:28.689+01:00  INFO 39053 --- [store] [           main] o.s.o.j.p.SpringPersistenceUnitInfo      : No LoadTimeWeaver setup: ignoring JPA class transformer
2025-11-03T21:33:29.006+01:00  INFO 39053 --- [store] [           main] org.hibernate.orm.connections.pooling    : HHH10001005: Database info:
	Database JDBC URL [Connecting through datasource 'HikariDataSource (HikariPool-1)']
	Database driver: undefined/unknown
	Database version: 8.0.43
	Autocommit mode: undefined/unknown
	Isolation level: undefined/unknown
	Minimum pool size: undefined/unknown
	Maximum pool size: undefined/unknown
2025-11-03T21:33:32.954+01:00  INFO 39053 --- [store] [           main] o.h.e.t.j.p.i.JtaPlatformInitiator       : HHH000489: No JTA platform available (set 'hibernate.transaction.jta.platform' to enable JTA platform integration)
2025-11-03T21:33:32.965+01:00  INFO 39053 --- [store] [           main] j.LocalContainerEntityManagerFactoryBean : Initialized JPA EntityManagerFactory for persistence unit 'default'
2025-11-03T21:33:34.627+01:00  INFO 39053 --- [store] [           main] eAuthenticationProviderManagerConfigurer : Global AuthenticationManager configured with AuthenticationProvider bean with name authenticationProvider
2025-11-03T21:33:34.628+01:00  WARN 39053 --- [store] [           main] r$InitializeUserDetailsManagerConfigurer : Global AuthenticationManager configured with an AuthenticationProvider bean. UserDetailsService beans will not be used by Spring Security for automatically configuring username/password login. Consider removing the AuthenticationProvider bean. Alternatively, consider using the UserDetailsService in a manually instantiated DaoAuthenticationProvider. If the current configuration is intentional, to turn off this warning, increase the logging level of 'org.springframework.security.config.annotation.authentication.configuration.InitializeUserDetailsBeanManagerConfigurer' to ERROR
2025-11-03T21:33:34.808+01:00  INFO 39053 --- [store] [           main] o.s.d.j.r.query.QueryEnhancerFactory     : Hibernate is in classpath; If applicable, HQL parser will be used.
2025-11-03T21:33:37.448+01:00  WARN 39053 --- [store] [           main] JpaBaseConfiguration$JpaWebConfiguration : spring.jpa.open-in-view is enabled by default. Therefore, database queries may be performed during view rendering. Explicitly configure spring.jpa.open-in-view to disable this warning
2025-11-03T21:33:37.853+01:00  INFO 39053 --- [store] [           main] o.s.b.a.w.s.WelcomePageHandlerMapping    : Adding welcome page template: index
2025-11-03T21:33:41.049+01:00  INFO 39053 --- [store] [           main] c.c.store.StoreApplicationTests          : Started StoreApplicationTests in 40.771 seconds (process running for 54.923)
]]></system-out>
    <system-err><![CDATA[Mockito is currently self-attaching to enable the inline-mock-maker. This will no longer work in future releases of the JDK. Please add Mockito as an agent to your build what is described in Mockito's documentation: https://javadoc.io/doc/org.mockito/mockito-core/latest/org/mockito/Mockito.html#0.3
WARNING: A Java agent has been loaded dynamically (/home/yassine/.m2/repository/net/bytebuddy/byte-buddy-agent/1.15.11/byte-buddy-agent-1.15.11.jar)
WARNING: If a serviceability tool is in use, please run with -XX:+EnableDynamicAgentLoading to hide this warning
WARNING: If a serviceability tool is not in use, please run with -Djdk.instrument.traceUsage for more information
WARNING: Dynamic loading of agents will be disallowed by default in a future release
]]></system-err>
  </testcase>
</testsuite>